<?xml version="1.0" encoding="UTF-8"?>
<!-- Generated by org.testng.reporters.JUnitXMLReporter -->
<testsuite hostname="LAPTOP-OV7R7A19" ignored="0" name="Default test" tests="5" failures="0" timestamp="2020-07-28T13:13:08 IST" time="111.756" errors="0">
  <testcase name="AddToCartAndValidateTC" time="9.332" classname="com.automation.com.automation.testcases.NewTest"/>
  <testcase name="IncrementDecrementValidateTC" time="23.184" classname="com.automation.com.automation.testcases.NewTest"/>
  <testcase name="LoginValidationNegativeTC" time="8.78" classname="com.automation.com.automation.testcases.NewTest"/>
  <testcase name="LoginValidationPostiveTC" time="8.865" classname="com.automation.com.automation.testcases.NewTest"/>
  <testcase name="SearchResultTC" time="1.576" classname="com.automation.com.automation.testcases.NewTest"/>
</testsuite> <!-- Default test -->
