<?xml version="1.0" encoding="UTF-8"?>
<testng-results skipped="0" failed="0" ignored="0" total="5" passed="5">
  <reporter-output>
  </reporter-output>
  <suite name="Default suite" duration-ms="111756" started-at="2020-07-28T13:11:16 IST" finished-at="2020-07-28T13:13:08 IST">
    <groups>
    </groups>
    <test name="Default test" duration-ms="111756" started-at="2020-07-28T13:11:16 IST" finished-at="2020-07-28T13:13:08 IST">
      <class name="com.automation.com.automation.testcases.NewTest">
        <test-method status="PASS" signature="beforeMethod()[pri:0, instance:com.automation.com.automation.testcases.NewTest@5ae63ade]" name="beforeMethod" is-config="true" duration-ms="12427" started-at="2020-07-28T13:11:16 IST" finished-at="2020-07-28T13:11:29 IST">
          <reporter-output>
          </reporter-output>
        </test-method> <!-- beforeMethod -->
        <test-method status="PASS" signature="AddToCartAndValidateTC()[pri:0, instance:com.automation.com.automation.testcases.NewTest@5ae63ade]" name="AddToCartAndValidateTC" duration-ms="9332" started-at="2020-07-28T13:11:29 IST" finished-at="2020-07-28T13:11:38 IST">
          <reporter-output>
          </reporter-output>
        </test-method> <!-- AddToCartAndValidateTC -->
        <test-method status="PASS" signature="afterMethod()[pri:0, instance:com.automation.com.automation.testcases.NewTest@5ae63ade]" name="afterMethod" is-config="true" duration-ms="656" started-at="2020-07-28T13:11:38 IST" finished-at="2020-07-28T13:11:39 IST">
          <reporter-output>
          </reporter-output>
        </test-method> <!-- afterMethod -->
        <test-method status="PASS" signature="beforeMethod()[pri:0, instance:com.automation.com.automation.testcases.NewTest@5ae63ade]" name="beforeMethod" is-config="true" duration-ms="11540" started-at="2020-07-28T13:11:39 IST" finished-at="2020-07-28T13:11:50 IST">
          <reporter-output>
          </reporter-output>
        </test-method> <!-- beforeMethod -->
        <test-method status="PASS" signature="IncrementDecrementValidateTC()[pri:0, instance:com.automation.com.automation.testcases.NewTest@5ae63ade]" name="IncrementDecrementValidateTC" duration-ms="23184" started-at="2020-07-28T13:11:50 IST" finished-at="2020-07-28T13:12:14 IST">
          <reporter-output>
          </reporter-output>
        </test-method> <!-- IncrementDecrementValidateTC -->
        <test-method status="PASS" signature="afterMethod()[pri:0, instance:com.automation.com.automation.testcases.NewTest@5ae63ade]" name="afterMethod" is-config="true" duration-ms="674" started-at="2020-07-28T13:12:14 IST" finished-at="2020-07-28T13:12:14 IST">
          <reporter-output>
          </reporter-output>
        </test-method> <!-- afterMethod -->
        <test-method status="PASS" signature="beforeMethod()[pri:0, instance:com.automation.com.automation.testcases.NewTest@5ae63ade]" name="beforeMethod" is-config="true" duration-ms="10897" started-at="2020-07-28T13:12:14 IST" finished-at="2020-07-28T13:12:25 IST">
          <reporter-output>
          </reporter-output>
        </test-method> <!-- beforeMethod -->
        <test-method status="PASS" signature="LoginValidationNegativeTC()[pri:0, instance:com.automation.com.automation.testcases.NewTest@5ae63ade]" name="LoginValidationNegativeTC" duration-ms="8780" started-at="2020-07-28T13:12:25 IST" finished-at="2020-07-28T13:12:34 IST">
          <reporter-output>
          </reporter-output>
        </test-method> <!-- LoginValidationNegativeTC -->
        <test-method status="PASS" signature="afterMethod()[pri:0, instance:com.automation.com.automation.testcases.NewTest@5ae63ade]" name="afterMethod" is-config="true" duration-ms="669" started-at="2020-07-28T13:12:34 IST" finished-at="2020-07-28T13:12:35 IST">
          <reporter-output>
          </reporter-output>
        </test-method> <!-- afterMethod -->
        <test-method status="PASS" signature="beforeMethod()[pri:0, instance:com.automation.com.automation.testcases.NewTest@5ae63ade]" name="beforeMethod" is-config="true" duration-ms="11000" started-at="2020-07-28T13:12:35 IST" finished-at="2020-07-28T13:12:46 IST">
          <reporter-output>
          </reporter-output>
        </test-method> <!-- beforeMethod -->
        <test-method status="PASS" signature="LoginValidationPostiveTC()[pri:0, instance:com.automation.com.automation.testcases.NewTest@5ae63ade]" name="LoginValidationPostiveTC" duration-ms="8865" started-at="2020-07-28T13:12:46 IST" finished-at="2020-07-28T13:12:55 IST">
          <reporter-output>
          </reporter-output>
        </test-method> <!-- LoginValidationPostiveTC -->
        <test-method status="PASS" signature="afterMethod()[pri:0, instance:com.automation.com.automation.testcases.NewTest@5ae63ade]" name="afterMethod" is-config="true" duration-ms="655" started-at="2020-07-28T13:12:55 IST" finished-at="2020-07-28T13:12:55 IST">
          <reporter-output>
          </reporter-output>
        </test-method> <!-- afterMethod -->
        <test-method status="PASS" signature="beforeMethod()[pri:0, instance:com.automation.com.automation.testcases.NewTest@5ae63ade]" name="beforeMethod" is-config="true" duration-ms="10796" started-at="2020-07-28T13:12:55 IST" finished-at="2020-07-28T13:13:06 IST">
          <reporter-output>
          </reporter-output>
        </test-method> <!-- beforeMethod -->
        <test-method status="PASS" signature="SearchResultTC()[pri:0, instance:com.automation.com.automation.testcases.NewTest@5ae63ade]" name="SearchResultTC" duration-ms="1576" started-at="2020-07-28T13:13:06 IST" finished-at="2020-07-28T13:13:08 IST">
          <reporter-output>
          </reporter-output>
        </test-method> <!-- SearchResultTC -->
        <test-method status="PASS" signature="afterMethod()[pri:0, instance:com.automation.com.automation.testcases.NewTest@5ae63ade]" name="afterMethod" is-config="true" duration-ms="654" started-at="2020-07-28T13:13:08 IST" finished-at="2020-07-28T13:13:08 IST">
          <reporter-output>
          </reporter-output>
        </test-method> <!-- afterMethod -->
      </class> <!-- com.automation.com.automation.testcases.NewTest -->
    </test> <!-- Default test -->
  </suite> <!-- Default suite -->
</testng-results>
